Line 12: '[' 3 -lt 3 ']'
Line 14: '[' 3 -eq 3 ']'
Line 14: quiet=
Line 16: date
Mon Mar  9 09:49:49 AM EDT 2026
Line 18: export backupDir=backupDir
Line 18: backupDir=backupDir
Line 19: '[' '!' -d backupDir ']'
Line 24: export originalSourceDir=testData
Line 24: originalSourceDir=testData
Line 25: '[' '!' -d testData ']'
Line 31: cmdFile=testData/exp1/restore.cmd
Line 33: '[' -f testData/exp1/restore.cmd.done ']'
Line 38: '[' '!' -f testData/exp1/restore.cmd ']'
Line 43: '[' -z '' ']'
Line 45: echo -e 'Please give the number of rows you want to check: '
Please give the number of rows you want to check: 
Line 46: read -p '' x
Line 48: [[ 2 =~ ^[0-9]+$ ]]
Line 50: head -n 2 testData/exp1/restore.cmd
rsync -a $backupDir/exp1/subdir\ 1/Raw\ Images/file_1.dat $originalSourceDir/exp1/subdir\ 1/Raw\ Images/file_1.dat
rsync -a $backupDir/exp1/subdir\ 1/Raw\ Images/file_2.dat $originalSourceDir/exp1/subdir\ 1/Raw\ Images/file_2.dat
Line 52: echo -e 'Continue to restore .dat files? (y/n): '
Continue to restore .dat files? (y/n): 
Line 54: read -p '' confirm
Line 56: [[ y == y ]]
Line 59: xargs -d '\n' -I '{}' -P 4 sh -c 'echo {}; {};'
Line 59: cat testData/exp1/restore.cmd
rsync -a backupDir/exp1/subdir 1/Raw Images/file_1.dat testData/exp1/subdir 1/Raw Images/file_1.dat
rsync -a backupDir/exp1/subdir 1/Raw Images/file_2.dat testData/exp1/subdir 1/Raw Images/file_2.dat
rsync -a backupDir/exp1/subdir 1/Raw Images/file_3.dat testData/exp1/subdir 1/Raw Images/file_3.dat
rsync -a backupDir/exp1/subdir 1/Raw Images/file_4.dat testData/exp1/subdir 1/Raw Images/file_4.dat
rsync -a backupDir/exp1/subdir 1/Raw Images/file_5.dat testData/exp1/subdir 1/Raw Images/file_5.dat
Line 61: touch testData/exp1/restore.cmd.done
Line 63: echo All done
All done
Line 65: date
Mon Mar  9 09:50:01 AM EDT 2026
Line 12: '[' 3 -lt 3 ']'
Line 14: '[' 3 -eq 3 ']'
Line 14: quiet=
Line 16: date
Mon Mar  9 09:54:51 AM EDT 2026
Line 18: export backupDir=backupDir
Line 18: backupDir=backupDir
Line 19: '[' '!' -d backupDir ']'
Line 24: export originalSourceDir=testData
Line 24: originalSourceDir=testData
Line 25: '[' '!' -d testData ']'
Line 31: cmdFile=testData/exp1/restore.cmd
Line 33: '[' -f testData/exp1/restore.cmd.done ']'
Line 34: echo 'Done earlier: testData/exp1/restore.cmd.'
Done earlier: testData/exp1/restore.cmd.
Line 35: exit 1
Line 12: '[' 3 -lt 3 ']'
Line 14: '[' 3 -eq 3 ']'
Line 14: quiet=
Line 16: date
Mon Mar  9 09:55:13 AM EDT 2026
Line 18: export backupDir=backupDir
Line 18: backupDir=backupDir
Line 19: '[' '!' -d backupDir ']'
Line 24: export originalSourceDir=testData
Line 24: originalSourceDir=testData
Line 25: '[' '!' -d testData ']'
Line 31: cmdFile=testData/exp1/restore.cmd
Line 33: '[' -f testData/exp1/restore.cmd.done ']'
Line 34: echo 'Done earlier: testData/exp1/restore.cmd.'
Done earlier: testData/exp1/restore.cmd.
Line 35: exit 1
Line 10: '[' 2 -lt 2 ']'
Line 12: '[' 2 -eq 3 ']'
Line 14: date
Mon Mar  9 09:56:25 AM EDT 2026
Line 16: export backupDir=backupDir
Line 16: backupDir=backupDir
Line 17: '[' '!' -d backupDir ']'
Line 23: export originalSourceDir=testData
Line 23: originalSourceDir=testData
Line 24: '[' '!' -d testData ']'
Line 30: IFS=
Line 30: read -r -d '' cmdFile
Line 30: find testData -type f -name 'restore_*.cmd' -print0
Line 31: echo 'Processing testData/exp1/restore_00.cmd'
Processing testData/exp1/restore_00.cmd
Line 32: '[' -f testData/exp1/restore_00.cmd.done ']'
/home/ld32/opt/deleteAndRestore/restoreAll.sh: line 35: sbatch: unbound variable
Line 10: '[' 2 -lt 2 ']'
Line 12: '[' 2 -eq 3 ']'
Line 12: sbatch=
Line 14: date
Mon Mar  9 09:56:57 AM EDT 2026
Line 16: export backupDir=backupDir
Line 16: backupDir=backupDir
Line 17: '[' '!' -d backupDir ']'
Line 23: export originalSourceDir=testData
Line 23: originalSourceDir=testData
Line 24: '[' '!' -d testData ']'
Line 30: IFS=
Line 30: read -r -d '' cmdFile
Line 30: find testData -type f -name 'restore_*.cmd' -print0
Line 31: echo 'Processing testData/exp1/restore_00.cmd'
Processing testData/exp1/restore_00.cmd
Line 32: '[' -f testData/exp1/restore_00.cmd.done ']'
Line 35: '[' -z '' ']'
Line 36: xargs -d '\n' -I '{}' -P 4 sh -c 'echo {}; {};'
Line 36: cat testData/exp1/restore_00.cmd
rsync -a backupDir/exp1/subdir 1/Raw Images/file_1.dat testData/exp1/subdir 1/Raw Images/file_1.dat
rsync -a backupDir/exp1/subdir 1/Raw Images/file_2.dat testData/exp1/subdir 1/Raw Images/file_2.dat
rsync -a backupDir/exp1/subdir 1/Raw Images/file_3.dat testData/exp1/subdir 1/Raw Images/file_3.dat
rsync -a backupDir/exp1/subdir 1/Raw Images/file_4.dat testData/exp1/subdir 1/Raw Images/file_4.dat
rsync -a backupDir/exp1/subdir 1/Raw Images/file_5.dat testData/exp1/subdir 1/Raw Images/file_5.dat
Line 37: touch testData/exp1/restore_00.cmd.done
Line 30: IFS=
Line 30: read -r -d '' cmdFile
Line 31: echo 'Processing testData/exp2/restore_00.cmd'
Processing testData/exp2/restore_00.cmd
Line 32: '[' -f testData/exp2/restore_00.cmd.done ']'
Line 35: '[' -z '' ']'
Line 36: xargs -d '\n' -I '{}' -P 4 sh -c 'echo {}; {};'
Line 36: cat testData/exp2/restore_00.cmd
rsync -a backupDir/exp2/subdir 1/Raw Images/file_1.dat testData/exp2/subdir 1/Raw Images/file_1.dat
rsync -a backupDir/exp2/subdir 1/Raw Images/file_2.dat testData/exp2/subdir 1/Raw Images/file_2.dat
rsync -a backupDir/exp2/subdir 1/Raw Images/file_3.dat testData/exp2/subdir 1/Raw Images/file_3.dat
rsync -a backupDir/exp2/subdir 1/Raw Images/file_4.dat testData/exp2/subdir 1/Raw Images/file_4.dat
rsync -a backupDir/exp2/subdir 1/Raw Images/file_5.dat testData/exp2/subdir 1/Raw Images/file_5.dat
Line 37: touch testData/exp2/restore_00.cmd.done
Line 30: IFS=
Line 30: read -r -d '' cmdFile
Line 44: echo All done
All done
Line 45: date
Mon Mar  9 09:56:57 AM EDT 2026
Mon Mar  9 10:02:29 AM EDT 2026
Processing testData/exp1/restore_00.cmd
rsync -a backupDir/exp1/subdir 1/Raw Images/file_1.dat testData/exp1/subdir 1/Raw Images/file_1.dat
rsync -a backupDir/exp1/subdir 1/Raw Images/file_2.dat testData/exp1/subdir 1/Raw Images/file_2.dat
rsync -a backupDir/exp1/subdir 1/Raw Images/file_3.dat testData/exp1/subdir 1/Raw Images/file_3.dat
rsync -a backupDir/exp1/subdir 1/Raw Images/file_4.dat testData/exp1/subdir 1/Raw Images/file_4.dat
rsync -a backupDir/exp1/subdir 1/Raw Images/file_5.dat testData/exp1/subdir 1/Raw Images/file_5.dat
Processing testData/exp2/restore_00.cmd
rsync -a backupDir/exp2/subdir 1/Raw Images/file_1.dat testData/exp2/subdir 1/Raw Images/file_1.dat
rsync -a backupDir/exp2/subdir 1/Raw Images/file_2.dat testData/exp2/subdir 1/Raw Images/file_2.dat
rsync -a backupDir/exp2/subdir 1/Raw Images/file_3.dat testData/exp2/subdir 1/Raw Images/file_3.dat
rsync -a backupDir/exp2/subdir 1/Raw Images/file_4.dat testData/exp2/subdir 1/Raw Images/file_4.dat
rsync -a backupDir/exp2/subdir 1/Raw Images/file_5.dat testData/exp2/subdir 1/Raw Images/file_5.dat
All done
Mon Mar  9 10:02:30 AM EDT 2026
